2014-07-11 14:04:38.390 HelloCordova[8343:70b] Multi-tasking -> Device: YES, App: YES
2014-07-11 14:04:38.413 HelloCordova[8343:70b] Unlimited access to network resources
2014-07-11 14:04:38.726 HelloCordova[8343:70b] [CDVTimer][keyboard] 0.055969ms
2014-07-11 14:04:38.726 HelloCordova[8343:70b] CDVPlugin class CDVStatusBar (pluginName: statusbar) does not exist.
2014-07-11 14:04:38.727 HelloCordova[8343:70b] [CDVTimer][statusbar] 0.344992ms
2014-07-11 14:04:38.727 HelloCordova[8343:70b] [CDVTimer][TotalPluginStartup] 1.115024ms
2014-07-11 14:04:38.865 HelloCordova[8343:70b] Resetting plugins due to page load.
2014-07-11 14:04:39.183 HelloCordova[8343:70b] Finished load of: file:///Users/a.dewan/Library/Application%20Support/iPhone%20Simulator/7.1/Applications/A862836E-5E0F-447E-8EE5-8CADFF8CDB36/HelloCordova.app/www/index.html
2014-07-11 14:14:32.608 HelloCordova[8697:70b] Multi-tasking -> Device: YES, App: YES
2014-07-11 14:14:32.626 HelloCordova[8697:70b] Unlimited access to network resources
2014-07-11 14:14:32.829 HelloCordova[8697:70b] [CDVTimer][keyboard] 0.064969ms
2014-07-11 14:14:32.829 HelloCordova[8697:70b] CDVPlugin class CDVStatusBar (pluginName: statusbar) does not exist.
2014-07-11 14:14:32.830 HelloCordova[8697:70b] [CDVTimer][statusbar] 0.470042ms
2014-07-11 14:14:32.830 HelloCordova[8697:70b] [CDVTimer][TotalPluginStartup] 1.425028ms
2014-07-11 14:14:32.965 HelloCordova[8697:70b] Resetting plugins due to page load.
2014-07-11 14:14:33.129 HelloCordova[8697:70b] Finished load of: file:///Users/a.dewan/Library/Application%20Support/iPhone%20Simulator/7.1/Applications/A862836E-5E0F-447E-8EE5-8CADFF8CDB36/HelloCordova.app/www/index.html
2014-07-11 14:23:36.468 HelloCordova[8889:70b] Multi-tasking -> Device: YES, App: YES
2014-07-11 14:23:36.474 HelloCordova[8889:70b] Unlimited access to network resources
2014-07-11 14:23:36.490 HelloCordova[8889:70b] [CDVTimer][keyboard] 0.052989ms
2014-07-11 14:23:36.490 HelloCordova[8889:70b] CDVPlugin class CDVStatusBar (pluginName: statusbar) does not exist.
2014-07-11 14:23:36.491 HelloCordova[8889:70b] [CDVTimer][statusbar] 0.337005ms
2014-07-11 14:23:36.491 HelloCordova[8889:70b] [CDVTimer][TotalPluginStartup] 1.110017ms
2014-07-11 14:23:36.548 HelloCordova[8889:70b] Resetting plugins due to page load.
2014-07-11 14:23:36.740 HelloCordova[8889:70b] Finished load of: file:///Users/a.dewan/Library/Application%20Support/iPhone%20Simulator/7.1/Applications/A862836E-5E0F-447E-8EE5-8CADFF8CDB36/HelloCordova.app/www/index.html
2014-07-11 16:37:24.350 HelloCordova[9933:70b] Multi-tasking -> Device: YES, App: YES
2014-07-11 16:37:24.366 HelloCordova[9933:70b] Unlimited access to network resources
2014-07-11 16:37:24.608 HelloCordova[9933:70b] [CDVTimer][keyboard] 0.057995ms
2014-07-11 16:37:24.608 HelloCordova[9933:70b] CDVPlugin class CDVStatusBar (pluginName: statusbar) does not exist.
2014-07-11 16:37:24.608 HelloCordova[9933:70b] [CDVTimer][statusbar] 0.429034ms
2014-07-11 16:37:24.609 HelloCordova[9933:70b] [CDVTimer][TotalPluginStartup] 1.332998ms
2014-07-11 16:37:24.731 HelloCordova[9933:70b] Resetting plugins due to page load.
2014-07-11 16:37:36.334 HelloCordova[9933:3f03] void SendDelegateMessage(NSInvocation *): delegate (webView:runJavaScriptTextInputPanelWithPrompt:defaultText:initiatedByFrame:) failed to return after waiting 10 seconds. main run loop mode: kCFRunLoopDefaultMode
2014-07-11 16:37:36.416 HelloCordova[9933:70b] Finished load of: file:///Users/a.dewan/Library/Application%20Support/iPhone%20Simulator/7.1/Applications/A862836E-5E0F-447E-8EE5-8CADFF8CDB36/HelloCordova.app/www/index.html
